<?xml version="1.0" encoding="UTF-8"?>
<!-- Generated by org.testng.reporters.JUnitReportReporter -->
<testsuite hostname="DESKTOP-AT2VVSP" failures="0" tests="2" name="TestNgClass.test.TNG1" time="17.319" errors="0" timestamp="2025-09-05T22:05:11 IST" skipped="0">
  <testcase classname="TestNgClass.test.TNG1" name="getTitle" time="7.073"/>
  <testcase classname="TestNgClass.test.TNG1" name="getTextOnCenterPage" time="10.246"/>
</testsuite> <!-- TestNgClass.test.TNG1 -->
