<?xml version="1.0" encoding="UTF-8"?>
<!-- Generated by org.testng.reporters.JUnitReportReporter -->
<testsuite hostname="DESKTOP-AT2VVSP" failures="0" tests="1" name="tng.test.class_tng1" time="0.033" errors="0" timestamp="2025-09-07T14:03:43 IST" skipped="0">
  <testcase classname="tng.test.class_tng1" name="TNG2" time="0.033"/>
</testsuite> <!-- tng.test.class_tng1 -->
