<?xml version="1.0" encoding="UTF-8"?>
<!-- Generated by org.testng.reporters.JUnitReportReporter -->
<testsuite hostname="DESKTOP-AT2VVSP" failures="0" tests="1" name="tng.test.class_tng2" time="0.006" errors="0" timestamp="2025-09-07T14:03:43 IST" skipped="0">
  <testcase classname="tng.test.class_tng2" name="TNG9" time="0.006"/>
</testsuite> <!-- tng.test.class_tng2 -->
